0 verbose cli C:\Program Files\nodejs\node.exe C:\Users\Lenovo\AppData\Roaming\npm\node_modules\npm\bin\npm-cli.js
1 info using npm@10.8.2
2 info using node@v20.15.1
3 silly config load:file:C:\Users\Lenovo\AppData\Roaming\npm\node_modules\npm\npmrc
4 silly config load:file:C:\Users\Lenovo\Desktop\Sun_Shine Curtains\.npmrc
5 silly config load:file:C:\Users\Lenovo\.npmrc
6 silly config load:file:C:\Users\Lenovo\AppData\Roaming\npm\etc\npmrc
7 verbose title npm create vite@latest
8 verbose argv "create" "vite@latest"
9 verbose logfile logs-max:10 dir:C:\Users\Lenovo\Desktop\Sun_Shine Curtains\UsersLenovoAppDataLocalnpm-cache\_logs\2024-07-30T07_51_56_159Z-
10 verbose logfile C:\Users\Lenovo\Desktop\Sun_Shine Curtains\UsersLenovoAppDataLocalnpm-cache\_logs\2024-07-30T07_51_56_159Z-debug-0.log
11 silly logfile done cleaning log files
12 silly packumentCache heap:4345298944 maxSize:1086324736 maxEntrySize:543162368
13 http fetch GET 200 https://registry.npmjs.org/npm 109ms
14 http fetch GET 200 https://registry.npmjs.org/create-vite 105ms (cache miss)
15 silly packumentCache heap:4345298944 maxSize:1086324736 maxEntrySize:543162368
16 silly idealTree buildDeps
17 silly fetch manifest create-vite@5.4.0
18 silly packumentCache full:https://registry.npmjs.org/create-vite cache-miss
19 http fetch GET 200 https://registry.npmjs.org/create-vite 924ms (cache miss)
20 silly packumentCache full:https://registry.npmjs.org/create-vite set size:undefined disposed:false
21 silly placeDep ROOT create-vite@5.4.0 OK for:  want: 5.4.0
22 silly reify moves {}
23 silly audit bulk request { 'create-vite': [ '5.4.0' ] }
24 silly tarball no local data for create-vite@https://registry.npmjs.org/create-vite/-/create-vite-5.4.0.tgz. Extracting by manifest.
25 http fetch GET 200 https://registry.npmjs.org/create-vite/-/create-vite-5.4.0.tgz 232ms (cache miss)
26 http fetch POST 200 https://registry.npmjs.org/-/npm/v1/security/advisories/bulk 298ms
27 silly audit report {}
28 verbose cwd C:\Users\Lenovo\Desktop\Sun_Shine Curtains
29 verbose os Windows_NT 10.0.22631
30 verbose node v20.15.1
31 verbose npm  v10.8.2
32 verbose exit 0
33 info ok
